<?xml version="1.0" encoding="UTF-8"?>
<robot generator="Robot 6.1.1 (Python 3.10.4 on win32)" generated="20241010 22:08:34.708" rpa="false" schemaversion="4">
<suite id="s1" name="Medicaly Criar Conta Paciente" source="C:\Users\otavio.l\OneDrive - Grupo Marista\pucpr\4o periodo\ver e val\robot\testes_medicaly\medicaly_criar_conta_paciente.robot">
<test id="s1-t1" name="Caso de Teste 01 - Criar conta paciente&quot;" line="9">
<kw name="Abrir Site" library="medicaly_resources" type="SETUP">
<kw name="Open Browser" library="SeleniumLibrary">
<arg>http://localhost:4200/home</arg>
<arg>chrome</arg>
<doc>Opens a new browser instance to the optional ``url``.</doc>
<msg timestamp="20241010 22:08:35.274" level="INFO">Opening browser 'chrome' to base url 'http://localhost:4200/home'.</msg>
<status status="PASS" starttime="20241010 22:08:35.273" endtime="20241010 22:08:39.899"/>
</kw>
<status status="PASS" starttime="20241010 22:08:35.273" endtime="20241010 22:08:39.900"/>
</kw>
<kw name="Sleep" library="BuiltIn">
<arg>1</arg>
<doc>Pauses the test executed for the given time.</doc>
<msg timestamp="20241010 22:08:40.906" level="INFO">Slept 1 second</msg>
<status status="PASS" starttime="20241010 22:08:39.901" endtime="20241010 22:08:40.907"/>
</kw>
<kw name="Abrir NavLateral" library="medicaly_resources">
<kw name="Click Element" library="SeleniumLibrary">
<arg>class:example-icon.mdc-icon-button.mat-mdc-icon-button.mat-unthemed.mat-mdc-button-base</arg>
<doc>Click the element identified by ``locator``.</doc>
<msg timestamp="20241010 22:08:40.909" level="INFO">Clicking element 'class:example-icon.mdc-icon-button.mat-mdc-icon-button.mat-unthemed.mat-mdc-button-base'.</msg>
<status status="PASS" starttime="20241010 22:08:40.907" endtime="20241010 22:08:40.982"/>
</kw>
<status status="PASS" starttime="20241010 22:08:40.907" endtime="20241010 22:08:40.983"/>
</kw>
<kw name="Clicar no botão &quot;Cadastrar-se&quot;" library="medicaly_resources" sourcename="Clicar no botão &quot;${texto_botao}&quot;">
<kw name="Click Element" library="SeleniumLibrary">
<arg>//html/body/app-root/mat-drawer-container/mat-drawer/div/button[contains(.,'${texto_botao}')]</arg>
<doc>Click the element identified by ``locator``.</doc>
<msg timestamp="20241010 22:08:40.986" level="INFO">Clicking element '//html/body/app-root/mat-drawer-container/mat-drawer/div/button[contains(.,'Cadastrar-se')]'.</msg>
<status status="PASS" starttime="20241010 22:08:40.984" endtime="20241010 22:08:41.074"/>
</kw>
<status status="PASS" starttime="20241010 22:08:40.984" endtime="20241010 22:08:41.074"/>
</kw>
<kw name="Sleep" library="BuiltIn">
<arg>3</arg>
<doc>Pauses the test executed for the given time.</doc>
<msg timestamp="20241010 22:08:44.086" level="INFO">Slept 3 seconds</msg>
<status status="PASS" starttime="20241010 22:08:41.075" endtime="20241010 22:08:44.087"/>
</kw>
<kw name="Digitar &quot;Luis&quot; no input &quot;Nome*&quot;" library="medicaly_resources" sourcename="Digitar &quot;${input}&quot; no input &quot;${campo}&quot;">
<kw name="Input Text" library="SeleniumLibrary">
<arg>//html/body/app-root/mat-drawer-container/mat-drawer-content/tela-cadastro/div/form/div/mat-form-field[contains(.,'${campo}')]</arg>
<arg>${input}</arg>
<doc>Types the given ``text`` into the text field identified by ``locator``.</doc>
<msg timestamp="20241010 22:08:44.090" level="INFO">Typing text 'Luis' into text field '//html/body/app-root/mat-drawer-container/mat-drawer-content/tela-cadastro/div/form/div/mat-form-field[contains(.,'Nome*')]'.</msg>
<msg timestamp="20241010 22:08:44.187" level="INFO" html="true">&lt;/td&gt;&lt;/tr&gt;&lt;tr&gt;&lt;td colspan="3"&gt;&lt;a href="selenium-screenshot-5.png"&gt;&lt;img src="selenium-screenshot-5.png" width="800px"&gt;&lt;/a&gt;</msg>
<msg timestamp="20241010 22:08:44.188" level="FAIL">Element with locator '//html/body/app-root/mat-drawer-container/mat-drawer-content/tela-cadastro/div/form/div/mat-form-field[contains(.,'Nome*')]' not found.</msg>
<status status="FAIL" starttime="20241010 22:08:44.089" endtime="20241010 22:08:44.196"/>
</kw>
<status status="FAIL" starttime="20241010 22:08:44.087" endtime="20241010 22:08:44.197"/>
</kw>
<kw name="Fechar o navegador" library="medicaly_resources" type="TEARDOWN">
<kw name="Capture Page Screenshot" library="SeleniumLibrary">
<doc>Takes a screenshot of the current page and embeds it into a log file.</doc>
<msg timestamp="20241010 22:08:44.291" level="INFO" html="true">&lt;/td&gt;&lt;/tr&gt;&lt;tr&gt;&lt;td colspan="3"&gt;&lt;a href="selenium-screenshot-6.png"&gt;&lt;img src="selenium-screenshot-6.png" width="800px"&gt;&lt;/a&gt;</msg>
<status status="PASS" starttime="20241010 22:08:44.198" endtime="20241010 22:08:44.291"/>
</kw>
<kw name="Close Browser" library="SeleniumLibrary">
<doc>Closes the current browser.</doc>
<status status="PASS" starttime="20241010 22:08:44.292" endtime="20241010 22:08:47.476"/>
</kw>
<status status="PASS" starttime="20241010 22:08:44.197" endtime="20241010 22:08:47.476"/>
</kw>
<doc>Esse teste verificar a criação de conta de paciente</doc>
<tag>cadastro_paciente</tag>
<status status="FAIL" starttime="20241010 22:08:35.272" endtime="20241010 22:08:47.477">Element with locator '//html/body/app-root/mat-drawer-container/mat-drawer-content/tela-cadastro/div/form/div/mat-form-field[contains(.,'Nome*')]' not found.</status>
</test>
<doc>criando usuario medicaly</doc>
<status status="FAIL" starttime="20241010 22:08:34.720" endtime="20241010 22:08:47.478"/>
</suite>
<statistics>
<total>
<stat pass="0" fail="1" skip="0">All Tests</stat>
</total>
<tag>
<stat pass="0" fail="1" skip="0">cadastro_paciente</stat>
</tag>
<suite>
<stat pass="0" fail="1" skip="0" id="s1" name="Medicaly Criar Conta Paciente">Medicaly Criar Conta Paciente</stat>
</suite>
</statistics>
<errors>
</errors>
</robot>
