<?xml version="1.0" encoding="UTF-8"?>
<robot generator="Robot 6.1.1 (Python 3.10.4 on win32)" generated="20241010 21:37:38.904" rpa="false" schemaversion="4">
<suite id="s1" name="Medicaly Criar Conta Paciente" source="C:\Users\otavio.l\OneDrive - Grupo Marista\pucpr\4o periodo\ver e val\robot\medicaly_criar_conta_paciente.robot">
<test id="s1-t1" name="Caso de Teste 01 - Criar conta paciente&quot;" line="9">
<kw name="Abrir Site" library="medicaly_resources" type="SETUP">
<kw name="Open Browser" library="SeleniumLibrary">
<arg>http://localhost:4200/home</arg>
<arg>chrome</arg>
<doc>Opens a new browser instance to the optional ``url``.</doc>
<msg timestamp="20241010 21:37:39.518" level="INFO">Opening browser 'chrome' to base url 'http://localhost:4200/home'.</msg>
<status status="PASS" starttime="20241010 21:37:39.517" endtime="20241010 21:37:44.397"/>
</kw>
<status status="PASS" starttime="20241010 21:37:39.517" endtime="20241010 21:37:44.399"/>
</kw>
<kw name="Abrir NavLateral" library="medicaly_resources">
<kw name="Click Element" library="SeleniumLibrary">
<arg>button.example-icon.mdc-icon-button.mat-mdc-icon-button.mat-unthemed.mat-mdc-button-base</arg>
<doc>Click the element identified by ``locator``.</doc>
<msg timestamp="20241010 21:37:44.403" level="INFO">Clicking element 'button.example-icon.mdc-icon-button.mat-mdc-icon-button.mat-unthemed.mat-mdc-button-base'.</msg>
<msg timestamp="20241010 21:37:44.657" level="INFO" html="true">&lt;/td&gt;&lt;/tr&gt;&lt;tr&gt;&lt;td colspan="3"&gt;&lt;a href="selenium-screenshot-10.png"&gt;&lt;img src="selenium-screenshot-10.png" width="800px"&gt;&lt;/a&gt;</msg>
<msg timestamp="20241010 21:37:44.658" level="FAIL">Element with locator 'button.example-icon.mdc-icon-button.mat-mdc-icon-button.mat-unthemed.mat-mdc-button-base' not found.</msg>
<status status="FAIL" starttime="20241010 21:37:44.401" endtime="20241010 21:37:44.674"/>
</kw>
<status status="FAIL" starttime="20241010 21:37:44.399" endtime="20241010 21:37:44.675"/>
</kw>
<kw name="Fechar o navegador" library="medicaly_resources" type="TEARDOWN">
<kw name="Capture Page Screenshot" library="SeleniumLibrary">
<doc>Takes a screenshot of the current page and embeds it into a log file.</doc>
<msg timestamp="20241010 21:37:44.850" level="INFO" html="true">&lt;/td&gt;&lt;/tr&gt;&lt;tr&gt;&lt;td colspan="3"&gt;&lt;a href="selenium-screenshot-11.png"&gt;&lt;img src="selenium-screenshot-11.png" width="800px"&gt;&lt;/a&gt;</msg>
<status status="PASS" starttime="20241010 21:37:44.676" endtime="20241010 21:37:44.850"/>
</kw>
<kw name="Close Browser" library="SeleniumLibrary">
<doc>Closes the current browser.</doc>
<status status="PASS" starttime="20241010 21:37:44.851" endtime="20241010 21:37:47.878"/>
</kw>
<status status="PASS" starttime="20241010 21:37:44.675" endtime="20241010 21:37:47.879"/>
</kw>
<doc>Esse teste verificar a criação de conta de paciente</doc>
<tag>cadastro_paciente</tag>
<status status="FAIL" starttime="20241010 21:37:39.514" endtime="20241010 21:37:47.879">Element with locator 'button.example-icon.mdc-icon-button.mat-mdc-icon-button.mat-unthemed.mat-mdc-button-base' not found.</status>
</test>
<doc>criando usuario medicaly</doc>
<status status="FAIL" starttime="20241010 21:37:38.915" endtime="20241010 21:37:47.881"/>
</suite>
<statistics>
<total>
<stat pass="0" fail="1" skip="0">All Tests</stat>
</total>
<tag>
<stat pass="0" fail="1" skip="0">cadastro_paciente</stat>
</tag>
<suite>
<stat pass="0" fail="1" skip="0" id="s1" name="Medicaly Criar Conta Paciente">Medicaly Criar Conta Paciente</stat>
</suite>
</statistics>
<errors>
</errors>
</robot>
